<?xml version="1.0" encoding="UTF-8"?>
<!-- Generated by org.testng.reporters.JUnitReportReporter -->
<testsuite hostname="IN-PG0352RN" failures="0" tests="1" name="Greenkart_TestCase.MutipleLineOrderTestCase" time="3.851" errors="0" timestamp="2023-09-13T14:53:54 IST" skipped="0">
  <testcase classname="Greenkart_TestCase.MutipleLineOrderTestCase" name="checkMultipleItemOrder" time="3.851"/>
  <system-out/>
</testsuite> <!-- Greenkart_TestCase.MutipleLineOrderTestCase -->
