<?xml version="1.0" encoding="UTF-8"?>
<!-- Generated by org.testng.reporters.JUnitReportReporter -->
<testsuite hostname="LAPTOP-U3UQCQVK" failures="0" tests="1" name="Pages.DemoTwo" time="0.003" errors="0" timestamp="2024-05-20T21:19:39 IST" skipped="0">
  <testcase classname="Pages.DemoTwo" name="one_Test" time="0.003"/>
  <system-out/>
</testsuite> <!-- Pages.DemoTwo -->
