<?xml version="1.0" encoding="UTF-8"?>
<!-- Generated by org.testng.reporters.JUnitReportReporter -->
<testsuite hostname="LAPTOP-U3UQCQVK" failures="0" tests="1" name="Greenkart_TestCase.MultiLineMultiQtyOrderTest" time="7.130" errors="0" timestamp="2023-12-18T20:21:42 IST" skipped="0">
  <testcase classname="Greenkart_TestCase.MultiLineMultiQtyOrderTest" name="checkMultilimeQtyItemOrder" time="7.130"/>
  <system-out/>
</testsuite> <!-- Greenkart_TestCase.MultiLineMultiQtyOrderTest -->
