<?xml version="1.0" encoding="UTF-8"?>
<!-- Generated by org.testng.reporters.JUnitReportReporter -->
<testsuite hostname="LAPTOP-U3UQCQVK" failures="0" tests="1" name="Greenkart_TestCase.SingleLineOrderTest" time="13.164" errors="0" timestamp="2023-12-21T12:48:07 IST" skipped="0">
  <testcase classname="Greenkart_TestCase.SingleLineOrderTest" name="checkSingleItemOrder" time="13.164"/>
  <system-out/>
</testsuite> <!-- Greenkart_TestCase.SingleLineOrderTest -->
