<?xml version="1.0" encoding="UTF-8"?>
<!-- Generated by org.testng.reporters.JUnitReportReporter -->
<testsuite hostname="LAPTOP-U3UQCQVK" failures="0" tests="2" name="Pages.DemoOne" time="0.035" errors="0" timestamp="2024-05-20T21:19:39 IST" skipped="0">
  <testcase classname="Pages.DemoOne" name="one_Test" time="0.028"/>
  <system-out/>
  <testcase classname="Pages.DemoOne" name="two_Test" time="0.007"/>
  <system-out/>
</testsuite> <!-- Pages.DemoOne -->
