<?xml version="1.0" encoding="UTF-8"?>
<!-- Generated by org.testng.reporters.JUnitReportReporter -->
<testsuite hostname="LAPTOP-U3UQCQVK" failures="0" tests="1" name="Greenkart_TestCase.SingleLineMultiQtyOrderTest" time="6.095" errors="0" timestamp="2023-12-18T20:21:42 IST" skipped="0">
  <testcase classname="Greenkart_TestCase.SingleLineMultiQtyOrderTest" name="checkSinglelimeQtyItemOrder" time="6.095"/>
  <system-out/>
</testsuite> <!-- Greenkart_TestCase.SingleLineMultiQtyOrderTest -->
