<?xml version="1.0" encoding="UTF-8"?>
<!-- Generated by org.testng.reporters.JUnitReportReporter -->
<testsuite hostname="IN-PG0352RN" failures="0" tests="1" name="BrowserSetup.BaseTest" time="8.373" errors="0" timestamp="2023-09-11T11:44:08 IST" skipped="0">
  <testcase classname="BrowserSetup.BaseTest" name="startTest" time="8.373"/>
  <system-out/>
</testsuite> <!-- BrowserSetup.BaseTest -->
