<?xml version="1.0" encoding="UTF-8"?>
<!-- Generated by org.testng.reporters.JUnitReportReporter -->
<testsuite hostname="IN-PG0352RN" failures="0" tests="1" name="Greenkart_TestCase.SearchFuntioanlityOnHomePageTestCase" time="2.568" errors="0" timestamp="2023-09-13T14:53:54 IST" skipped="0">
  <testcase classname="Greenkart_TestCase.SearchFuntioanlityOnHomePageTestCase" name="VerifyTheSearchFuntionality" time="2.568"/>
  <system-out/>
</testsuite> <!-- Greenkart_TestCase.SearchFuntioanlityOnHomePageTestCase -->
